<?xml version="1.0" encoding="UTF-8"?>
<!-- Generated by org.testng.reporters.JUnitXMLReporter -->
<<<<<<< HEAD
<testsuite ignored="0" hostname="LAPTOP-PTNS5S83" failures="0" tests="10" name="Default test" time="110.424" errors="0" timestamp="2025-01-07T17:46:34 IST">
  <testcase classname="TestCases.UpdateFields" name="LandinDashboardPage" time="2.691"/>
  <testcase classname="TestCases.UpdateFields" name="AddTextField" time="50.263"/>
  <testcase classname="TestCases.UpdateFields" name="AddNumberField" time="10.616"/>
  <testcase classname="TestCases.UpdateFields" name="AddEmailField" time="6.172"/>
  <testcase classname="TestCases.UpdateFields" name="AddText" time="7.869"/>
  <testcase classname="TestCases.UpdateFields" name="DragandDropParaHeading" time="0.948"/>
  <testcase classname="TestCases.UpdateFields" name="HeadingName" time="2.364"/>
  <testcase classname="TestCases.UpdateFields" name="ParaName" time="23.785"/>
  <testcase classname="TestCases.UpdateFields" name="publishButton" time="1.873"/>
  <testcase classname="TestCases.UpdateFields" name="checkActiveNumbers" time="0.137"/>
=======
<testsuite ignored="0" hostname="DESKTOP-ECK1LOL" failures="0" tests="5" name="Default test" time="0.177" errors="0" timestamp="2025-01-06T19:22:27 IST">
  <testcase classname="TestCases.BaseBrowser" name="@BeforeClass browserConfigChrome" time="0.074">
    <failure type="java.lang.IllegalStateException" message="The driver executable does not exist: C:\Users\srira\Downloads\chromedriver-win64wed\chromedriver-win64\chromedriver.exe">
      <![CDATA[java.lang.IllegalStateException: The driver executable does not exist: C:\Users\srira\Downloads\chromedriver-win64wed\chromedriver-win64\chromedriver.exe
at com.google.common.base.Preconditions.checkState(Preconditions.java:585)
at org.openqa.selenium.remote.service.DriverService.checkExecutable(DriverService.java:146)
at org.openqa.selenium.remote.service.DriverService.findExecutable(DriverService.java:141)
at org.openqa.selenium.chrome.ChromeDriverService.access$000(ChromeDriverService.java:35)
at org.openqa.selenium.chrome.ChromeDriverService$Builder.findDefaultExecutable(ChromeDriverService.java:159)
at org.openqa.selenium.remote.service.DriverService$Builder.build(DriverService.java:355)
at org.openqa.selenium.chrome.ChromeDriverService.createDefaultService(ChromeDriverService.java:94)
at org.openqa.selenium.chrome.ChromeDriver.<init>(ChromeDriver.java:123)
at TestCases.BaseBrowser.browserConfigChrome(BaseBrowser.java:24)
at java.base/jdk.internal.reflect.NativeMethodAccessorImpl.invoke0(Native Method)
at java.base/jdk.internal.reflect.NativeMethodAccessorImpl.invoke(NativeMethodAccessorImpl.java:77)
at java.base/jdk.internal.reflect.DelegatingMethodAccessorImpl.invoke(DelegatingMethodAccessorImpl.java:43)
at java.base/java.lang.reflect.Method.invoke(Method.java:568)
at org.testng.internal.invokers.MethodInvocationHelper.invokeMethod(MethodInvocationHelper.java:141)
at org.testng.internal.invokers.MethodInvocationHelper.invokeMethodConsideringTimeout(MethodInvocationHelper.java:71)
at org.testng.internal.invokers.ConfigInvoker.invokeConfigurationMethod(ConfigInvoker.java:400)
at org.testng.internal.invokers.ConfigInvoker.invokeConfigurations(ConfigInvoker.java:333)
at org.testng.internal.invokers.TestMethodWorker.invokeBeforeClassMethods(TestMethodWorker.java:188)
at org.testng.internal.invokers.TestMethodWorker.run(TestMethodWorker.java:128)
at java.base/java.util.ArrayList.forEach(ArrayList.java:1511)
at org.testng.TestRunner.privateRun(TestRunner.java:739)
at org.testng.TestRunner.run(TestRunner.java:614)
at org.testng.SuiteRunner.runTest(SuiteRunner.java:421)
at org.testng.SuiteRunner.runSequentially(SuiteRunner.java:413)
at org.testng.SuiteRunner.privateRun(SuiteRunner.java:373)
at org.testng.SuiteRunner.run(SuiteRunner.java:312)
at org.testng.SuiteRunnerWorker.runSuite(SuiteRunnerWorker.java:52)
at org.testng.SuiteRunnerWorker.run(SuiteRunnerWorker.java:95)
at org.testng.TestNG.runSuitesSequentially(TestNG.java:1274)
at org.testng.TestNG.runSuitesLocally(TestNG.java:1208)
at org.testng.TestNG.runSuites(TestNG.java:1112)
at org.testng.TestNG.run(TestNG.java:1079)
at org.testng.remote.AbstractRemoteTestNG.run(AbstractRemoteTestNG.java:115)
at org.testng.remote.RemoteTestNG.initAndRun(RemoteTestNG.java:293)
at org.testng.remote.RemoteTestNG.main(RemoteTestNG.java:91)
]]>
    </failure>
  </testcase> <!-- @BeforeClass browserConfigChrome -->
  <testcase classname="TestCases.BaseBrowser" name="@AfterClass tearDown" time="0.0">
    <skipped/>
  </testcase> <!-- @AfterClass tearDown -->
  <testcase classname="TestCases.LoginCases" name="InavalidEmailandPassword" time="0.0">
    <skipped/>
  </testcase> <!-- InavalidEmailandPassword -->
  <testcase classname="TestCases.LoginCases" name="EmptyPasswordValidation" time="0.001">
    <skipped/>
  </testcase> <!-- EmptyPasswordValidation -->
  <testcase classname="TestCases.LoginCases" name="InvalidEmailFormat" time="0.0">
    <skipped/>
  </testcase> <!-- InvalidEmailFormat -->
  <testcase classname="TestCases.LoginCases" name="EmptyEmailEmptyPassword" time="0.001">
    <skipped/>
  </testcase> <!-- EmptyEmailEmptyPassword -->
  <testcase classname="TestCases.LoginCases" name="aLogin" time="0.001">
    <skipped/>
  </testcase> <!-- aLogin -->
>>>>>>> 70d02753ffdd7a7763bfbeb3aaa35f81e907bff2
</testsuite> <!-- Default test -->
