<?xml version="1.0" encoding="UTF-8"?>
<!-- Generated by org.testng.reporters.JUnitReportReporter -->
<testsuite hostname="DESKTOP-ECK1LOL" failures="0" tests="11" name="TestCases.RegistrationCases" time="0.141" errors="1" timestamp="2025-01-06T19:21:57 IST" skipped="10">
  <testcase classname="TestCases.RegistrationCases" name="browserConfigChrome" time="0.140">
    <error message="The driver executable does not exist: C:\Users\srira\Downloads\chromedriver-win64wed\chromedriver-win64\chromedriver.exe" type="java.lang.IllegalStateException">
      <![CDATA[java.lang.IllegalStateException: The driver executable does not exist: C:\Users\srira\Downloads\chromedriver-win64wed\chromedriver-win64\chromedriver.exe
at com.google.common.base.Preconditions.checkState(Preconditions.java:585)
at org.openqa.selenium.remote.service.DriverService.checkExecutable(DriverService.java:146)
at org.openqa.selenium.remote.service.DriverService.findExecutable(DriverService.java:141)
at org.openqa.selenium.chrome.ChromeDriverService.access$000(ChromeDriverService.java:35)
at org.openqa.selenium.chrome.ChromeDriverService$Builder.findDefaultExecutable(ChromeDriverService.java:159)
at org.openqa.selenium.remote.service.DriverService$Builder.build(DriverService.java:355)
at org.openqa.selenium.chrome.ChromeDriverService.createDefaultService(ChromeDriverService.java:94)
at org.openqa.selenium.chrome.ChromeDriver.<init>(ChromeDriver.java:123)
at TestCases.BaseBrowser.browserConfigChrome(BaseBrowser.java:24)
at java.base/jdk.internal.reflect.NativeMethodAccessorImpl.invoke0(Native Method)
at java.base/jdk.internal.reflect.NativeMethodAccessorImpl.invoke(NativeMethodAccessorImpl.java:77)
at java.base/jdk.internal.reflect.DelegatingMethodAccessorImpl.invoke(DelegatingMethodAccessorImpl.java:43)
at java.base/java.lang.reflect.Method.invoke(Method.java:568)
at org.testng.internal.invokers.MethodInvocationHelper.invokeMethod(MethodInvocationHelper.java:141)
at org.testng.internal.invokers.MethodInvocationHelper.invokeMethodConsideringTimeout(MethodInvocationHelper.java:71)
at org.testng.internal.invokers.ConfigInvoker.invokeConfigurationMethod(ConfigInvoker.java:400)
at org.testng.internal.invokers.ConfigInvoker.invokeConfigurations(ConfigInvoker.java:333)
at org.testng.internal.invokers.TestMethodWorker.invokeBeforeClassMethods(TestMethodWorker.java:188)
at org.testng.internal.invokers.TestMethodWorker.run(TestMethodWorker.java:128)
at java.base/java.util.ArrayList.forEach(ArrayList.java:1511)
at org.testng.TestRunner.privateRun(TestRunner.java:739)
at org.testng.TestRunner.run(TestRunner.java:614)
at org.testng.SuiteRunner.runTest(SuiteRunner.java:421)
at org.testng.SuiteRunner.runSequentially(SuiteRunner.java:413)
at org.testng.SuiteRunner.privateRun(SuiteRunner.java:373)
at org.testng.SuiteRunner.run(SuiteRunner.java:312)
at org.testng.SuiteRunnerWorker.runSuite(SuiteRunnerWorker.java:52)
at org.testng.SuiteRunnerWorker.run(SuiteRunnerWorker.java:95)
at org.testng.TestNG.runSuitesSequentially(TestNG.java:1274)
at org.testng.TestNG.runSuitesLocally(TestNG.java:1208)
at org.testng.TestNG.runSuites(TestNG.java:1112)
at org.testng.TestNG.run(TestNG.java:1079)
at org.testng.remote.AbstractRemoteTestNG.run(AbstractRemoteTestNG.java:115)
at org.testng.remote.RemoteTestNG.initAndRun(RemoteTestNG.java:293)
at org.testng.remote.RemoteTestNG.main(RemoteTestNG.java:91)
]]>
    </error>
  </testcase> <!-- browserConfigChrome -->
  <testcase classname="TestCases.RegistrationCases" name="LandinRegistrationPage" time="0.000">
    <skipped/>
  </testcase> <!-- LandinRegistrationPage -->
  <testcase classname="TestCases.RegistrationCases" name="checkMandatoryValidation" time="0.000">
    <skipped/>
  </testcase> <!-- checkMandatoryValidation -->
  <testcase classname="TestCases.RegistrationCases" name="checkValidEmail" time="0.000">
    <skipped/>
  </testcase> <!-- checkValidEmail -->
  <testcase classname="TestCases.RegistrationCases" name="checkPasswordMandatory" time="0.000">
    <skipped/>
  </testcase> <!-- checkPasswordMandatory -->
  <testcase classname="TestCases.RegistrationCases" name="checkCharPasswordValidation" time="0.000">
    <skipped/>
  </testcase> <!-- checkCharPasswordValidation -->
  <testcase classname="TestCases.RegistrationCases" name="checkPasswordValidations" time="0.001">
    <skipped/>
  </testcase> <!-- checkPasswordValidations -->
  <testcase classname="TestCases.RegistrationCases" name="checkMaxCharPasswordValidation" time="0.000">
    <skipped/>
  </testcase> <!-- checkMaxCharPasswordValidation -->
  <testcase classname="TestCases.RegistrationCases" name="checkEmailUniqueValidation" time="0.000">
    <skipped/>
  </testcase> <!-- checkEmailUniqueValidation -->
  <testcase classname="TestCases.RegistrationCases" name="checkGotoLoginLink" time="0.000">
    <skipped/>
  </testcase> <!-- checkGotoLoginLink -->
  <testcase classname="TestCases.RegistrationCases" name="checkSuccessForm" time="0.000">
    <skipped/>
  </testcase> <!-- checkSuccessForm -->
</testsuite> <!-- TestCases.RegistrationCases -->
